0 info it worked if it ends with ok
1 verbose cli [ 'node', '/usr/local/bin/npm', 'publish', './build/tiny-utils' ]
2 info using npm@1.4.4
3 info using node@v0.10.22
4 verbose publish [ './build/tiny-utils' ]
5 verbose cache add [ './build/tiny-utils', null ]
6 verbose cache add name=undefined spec="./build/tiny-utils" args=["./build/tiny-utils",null]
7 verbose parsed url { protocol: null,
7 verbose parsed url   slashes: null,
7 verbose parsed url   auth: null,
7 verbose parsed url   host: null,
7 verbose parsed url   port: null,
7 verbose parsed url   hostname: null,
7 verbose parsed url   hash: null,
7 verbose parsed url   search: null,
7 verbose parsed url   query: null,
7 verbose parsed url   pathname: './build/tiny-utils',
7 verbose parsed url   path: './build/tiny-utils',
7 verbose parsed url   href: './build/tiny-utils' }
8 silly lockFile 37a9ac43-build-tiny-utils ./build/tiny-utils
9 verbose lock ./build/tiny-utils /Users/dave/.npm/37a9ac43-build-tiny-utils.lock
10 verbose tar pack [ '/var/folders/6r/9rt2bszd5531p8mfwvmgdl4r0000gn/T/npm-21079-gzrjWHSk/1398942985040-0.12944870651699603/tmp.tgz',
10 verbose tar pack   './build/tiny-utils' ]
11 verbose tarball /var/folders/6r/9rt2bszd5531p8mfwvmgdl4r0000gn/T/npm-21079-gzrjWHSk/1398942985040-0.12944870651699603/tmp.tgz
12 verbose folder ./build/tiny-utils
13 info prepublish tiny-utils@0.0.2
14 silly lockFile 18311860-tar-build-tiny-utils tar://./build/tiny-utils
15 verbose lock tar://./build/tiny-utils /Users/dave/.npm/18311860-tar-build-tiny-utils.lock
16 silly lockFile cf4edbbb-5040-0-12944870651699603-tmp-tgz tar:///var/folders/6r/9rt2bszd5531p8mfwvmgdl4r0000gn/T/npm-21079-gzrjWHSk/1398942985040-0.12944870651699603/tmp.tgz
17 verbose lock tar:///var/folders/6r/9rt2bszd5531p8mfwvmgdl4r0000gn/T/npm-21079-gzrjWHSk/1398942985040-0.12944870651699603/tmp.tgz /Users/dave/.npm/cf4edbbb-5040-0-12944870651699603-tmp-tgz.lock
18 silly lockFile 18311860-tar-build-tiny-utils tar://./build/tiny-utils
19 silly lockFile 18311860-tar-build-tiny-utils tar://./build/tiny-utils
20 silly lockFile cf4edbbb-5040-0-12944870651699603-tmp-tgz tar:///var/folders/6r/9rt2bszd5531p8mfwvmgdl4r0000gn/T/npm-21079-gzrjWHSk/1398942985040-0.12944870651699603/tmp.tgz
21 silly lockFile cf4edbbb-5040-0-12944870651699603-tmp-tgz tar:///var/folders/6r/9rt2bszd5531p8mfwvmgdl4r0000gn/T/npm-21079-gzrjWHSk/1398942985040-0.12944870651699603/tmp.tgz
22 verbose tar unpack /var/folders/6r/9rt2bszd5531p8mfwvmgdl4r0000gn/T/npm-21079-gzrjWHSk/1398942985040-0.12944870651699603/tmp.tgz
23 silly lockFile 9b664589-5040-0-12944870651699603-package tar:///var/folders/6r/9rt2bszd5531p8mfwvmgdl4r0000gn/T/npm-21079-gzrjWHSk/1398942985040-0.12944870651699603/package
24 verbose lock tar:///var/folders/6r/9rt2bszd5531p8mfwvmgdl4r0000gn/T/npm-21079-gzrjWHSk/1398942985040-0.12944870651699603/package /Users/dave/.npm/9b664589-5040-0-12944870651699603-package.lock
25 silly lockFile cf4edbbb-5040-0-12944870651699603-tmp-tgz tar:///var/folders/6r/9rt2bszd5531p8mfwvmgdl4r0000gn/T/npm-21079-gzrjWHSk/1398942985040-0.12944870651699603/tmp.tgz
26 verbose lock tar:///var/folders/6r/9rt2bszd5531p8mfwvmgdl4r0000gn/T/npm-21079-gzrjWHSk/1398942985040-0.12944870651699603/tmp.tgz /Users/dave/.npm/cf4edbbb-5040-0-12944870651699603-tmp-tgz.lock
27 silly gunzTarPerm modes [ '755', '644' ]
28 silly gunzTarPerm extractEntry package.json
29 silly gunzTarPerm extractEntry index.js
30 silly gunzTarPerm extractEntry index.min.js
31 silly gunzTarPerm extractEntry bower.json
32 silly lockFile 9b664589-5040-0-12944870651699603-package tar:///var/folders/6r/9rt2bszd5531p8mfwvmgdl4r0000gn/T/npm-21079-gzrjWHSk/1398942985040-0.12944870651699603/package
33 silly lockFile 9b664589-5040-0-12944870651699603-package tar:///var/folders/6r/9rt2bszd5531p8mfwvmgdl4r0000gn/T/npm-21079-gzrjWHSk/1398942985040-0.12944870651699603/package
34 silly lockFile cf4edbbb-5040-0-12944870651699603-tmp-tgz tar:///var/folders/6r/9rt2bszd5531p8mfwvmgdl4r0000gn/T/npm-21079-gzrjWHSk/1398942985040-0.12944870651699603/tmp.tgz
35 silly lockFile cf4edbbb-5040-0-12944870651699603-tmp-tgz tar:///var/folders/6r/9rt2bszd5531p8mfwvmgdl4r0000gn/T/npm-21079-gzrjWHSk/1398942985040-0.12944870651699603/tmp.tgz
36 verbose tar pack [ '/Users/dave/.npm/tiny-utils/0.0.2/package.tgz',
36 verbose tar pack   '/var/folders/6r/9rt2bszd5531p8mfwvmgdl4r0000gn/T/npm-21079-gzrjWHSk/1398942985040-0.12944870651699603/package' ]
37 verbose tarball /Users/dave/.npm/tiny-utils/0.0.2/package.tgz
38 verbose folder /var/folders/6r/9rt2bszd5531p8mfwvmgdl4r0000gn/T/npm-21079-gzrjWHSk/1398942985040-0.12944870651699603/package
39 silly lockFile 9b664589-5040-0-12944870651699603-package tar:///var/folders/6r/9rt2bszd5531p8mfwvmgdl4r0000gn/T/npm-21079-gzrjWHSk/1398942985040-0.12944870651699603/package
40 verbose lock tar:///var/folders/6r/9rt2bszd5531p8mfwvmgdl4r0000gn/T/npm-21079-gzrjWHSk/1398942985040-0.12944870651699603/package /Users/dave/.npm/9b664589-5040-0-12944870651699603-package.lock
41 silly lockFile 3bf5b1c8-npm-tiny-utils-0-0-2-package-tgz tar:///Users/dave/.npm/tiny-utils/0.0.2/package.tgz
42 verbose lock tar:///Users/dave/.npm/tiny-utils/0.0.2/package.tgz /Users/dave/.npm/3bf5b1c8-npm-tiny-utils-0-0-2-package-tgz.lock
43 silly lockFile 9b664589-5040-0-12944870651699603-package tar:///var/folders/6r/9rt2bszd5531p8mfwvmgdl4r0000gn/T/npm-21079-gzrjWHSk/1398942985040-0.12944870651699603/package
44 silly lockFile 9b664589-5040-0-12944870651699603-package tar:///var/folders/6r/9rt2bszd5531p8mfwvmgdl4r0000gn/T/npm-21079-gzrjWHSk/1398942985040-0.12944870651699603/package
45 silly lockFile 3bf5b1c8-npm-tiny-utils-0-0-2-package-tgz tar:///Users/dave/.npm/tiny-utils/0.0.2/package.tgz
46 silly lockFile 3bf5b1c8-npm-tiny-utils-0-0-2-package-tgz tar:///Users/dave/.npm/tiny-utils/0.0.2/package.tgz
47 silly lockFile 61187019-ave-npm-tiny-utils-0-0-2-package /Users/dave/.npm/tiny-utils/0.0.2/package
48 verbose lock /Users/dave/.npm/tiny-utils/0.0.2/package /Users/dave/.npm/61187019-ave-npm-tiny-utils-0-0-2-package.lock
49 silly lockFile 61187019-ave-npm-tiny-utils-0-0-2-package /Users/dave/.npm/tiny-utils/0.0.2/package
50 silly lockFile 61187019-ave-npm-tiny-utils-0-0-2-package /Users/dave/.npm/tiny-utils/0.0.2/package
51 verbose tar unpack /Users/dave/.npm/tiny-utils/0.0.2/package.tgz
52 silly lockFile 0dd9c5b2-ave-npm-tiny-utils-0-0-2-package tar:///Users/dave/.npm/tiny-utils/0.0.2/package
53 verbose lock tar:///Users/dave/.npm/tiny-utils/0.0.2/package /Users/dave/.npm/0dd9c5b2-ave-npm-tiny-utils-0-0-2-package.lock
54 silly lockFile 3bf5b1c8-npm-tiny-utils-0-0-2-package-tgz tar:///Users/dave/.npm/tiny-utils/0.0.2/package.tgz
55 verbose lock tar:///Users/dave/.npm/tiny-utils/0.0.2/package.tgz /Users/dave/.npm/3bf5b1c8-npm-tiny-utils-0-0-2-package-tgz.lock
56 silly gunzTarPerm modes [ '755', '644' ]
57 silly gunzTarPerm extractEntry package.json
58 silly gunzTarPerm extractEntry index.js
59 silly gunzTarPerm extractEntry index.min.js
60 silly gunzTarPerm extractEntry bower.json
61 silly lockFile 0dd9c5b2-ave-npm-tiny-utils-0-0-2-package tar:///Users/dave/.npm/tiny-utils/0.0.2/package
62 silly lockFile 0dd9c5b2-ave-npm-tiny-utils-0-0-2-package tar:///Users/dave/.npm/tiny-utils/0.0.2/package
63 silly lockFile 3bf5b1c8-npm-tiny-utils-0-0-2-package-tgz tar:///Users/dave/.npm/tiny-utils/0.0.2/package.tgz
64 silly lockFile 3bf5b1c8-npm-tiny-utils-0-0-2-package-tgz tar:///Users/dave/.npm/tiny-utils/0.0.2/package.tgz
65 verbose chmod /Users/dave/.npm/tiny-utils/0.0.2/package.tgz 644
66 verbose chown /Users/dave/.npm/tiny-utils/0.0.2/package.tgz [ 501, 20 ]
67 silly lockFile 37a9ac43-build-tiny-utils ./build/tiny-utils
68 silly lockFile 37a9ac43-build-tiny-utils ./build/tiny-utils
69 silly publish { name: 'tiny-utils',
69 silly publish   version: '0.0.2',
69 silly publish   description: 'A tiny javascript utility belt',
69 silly publish   main: './index.min.js',
69 silly publish   devDependencies: { jshint: '~2.5.0', uglifyjs: '~2.3.6' },
69 silly publish   keywords: [ 'tiny', 'utility', 'tools' ],
69 silly publish   author: '',
69 silly publish   license: 'ISC',
69 silly publish   readme: 'ERROR: No README data found!',
69 silly publish   _id: 'tiny-utils@0.0.2',
69 silly publish   dist: { shasum: '1b8d34a4f0a0bb031bc7792e4cddd26f436e80f5' },
69 silly publish   _from: './build/tiny-utils' }
70 verbose url raw tiny-utils
71 verbose url resolving [ 'https://registry.npmjs.org/', './tiny-utils' ]
72 verbose url resolved https://registry.npmjs.org/tiny-utils
73 info trying registry request attempt 1 at 12:16:25
74 http PUT https://registry.npmjs.org/tiny-utils
75 http 403 https://registry.npmjs.org/tiny-utils
76 error publish Failed PUT 403
77 error Error: forbidden cannot modify pre-existing version: 0.0.2
77 error old={"name":"tiny-utils","version":"0.0.2","description":"A tiny javascript utility belt","main":"./index.min.js","devDependencies":{"jshint":"~2.5.0","uglifyjs":"~2.3.6"},"keywords":["tiny","utility","tools"],"author":"","license":"ISC","_id":"tiny-utils@0.0.2","dist":{"shasum":"5fa91ffb32676c1af991d69408e192e5058b5dd6","tarball":"http://registry.npmjs.org/tiny-utils/-/tiny-utils-0.0.2.tgz"},"_from":".","_npmVersion":"1.4.4","_npmUser":{"name":"dve","email":"dev@spektrum.fm"},"maintainers":[{"name":"dve","email":"dev@spektrum.fm"}]}
77 error new={"name":"tiny-utils","version":"0.0.2","description":"A tiny javascript utility belt","main":"./index.min.js","devDependencies":{"jshint":"~2.5.0","uglifyjs":"~2.3.6"},"keywords":["tiny","utility","tools"],"author":"","license":"ISC","readme":"ERROR: No README data found!","_id":"tiny-utils@0.0.2","dist":{"shasum":"1b8d34a4f0a0bb031bc7792e4cddd26f436e80f5","tarball":"http://registry.npmjs.org/tiny-utils/-/tiny-utils-0.0.2.tgz"},"_from":"./build/tiny-utils","_npmVersion":"1.4.4","_npmUser":{"name":"dve","email":"dev@spektrum.fm"},"maintainers":[{"name":"dve","email":"dev@spektrum.fm"}]}: tiny-utils
77 error     at RegClient.<anonymous> (/usr/local/lib/node_modules/npm/node_modules/npm-registry-client/lib/request.js:237:14)
77 error     at Request.self.callback (/usr/local/lib/node_modules/npm/node_modules/npm-registry-client/node_modules/request/request.js:121:22)
77 error     at Request.EventEmitter.emit (events.js:98:17)
77 error     at Request.<anonymous> (/usr/local/lib/node_modules/npm/node_modules/npm-registry-client/node_modules/request/request.js:978:14)
77 error     at Request.EventEmitter.emit (events.js:117:20)
77 error     at IncomingMessage.<anonymous> (/usr/local/lib/node_modules/npm/node_modules/npm-registry-client/node_modules/request/request.js:929:12)
77 error     at IncomingMessage.EventEmitter.emit (events.js:117:20)
77 error     at _stream_readable.js:920:16
77 error     at process._tickCallback (node.js:415:13)
78 error If you need help, you may report this *entire* log,
78 error including the npm and node versions, at:
78 error     <http://github.com/npm/npm/issues>
79 error System Darwin 13.2.0
80 error command "node" "/usr/local/bin/npm" "publish" "./build/tiny-utils"
81 error cwd /Users/dave/Projects/spektrumfm/tny
82 error node -v v0.10.22
83 error npm -v 1.4.4
84 verbose exit [ 1, true ]
